0 info it worked if it ends with ok
1 verbose cli [ 'C:\\Program Files\\nodejs\\node.exe',
1 verbose cli   'C:\\Program Files\\nodejs\\node_modules\\npm\\bin\\npm-cli.js',
1 verbose cli   'start' ]
2 info using npm@4.1.2
3 info using node@v7.6.0
4 verbose run-script [ 'prestart', 'start', 'poststart' ]
5 info lifecycle kidupstair@1.0.0~prestart: kidupstair@1.0.0
6 silly lifecycle kidupstair@1.0.0~prestart: no script for prestart, continuing
7 info lifecycle kidupstair@1.0.0~start: kidupstair@1.0.0
8 verbose lifecycle kidupstair@1.0.0~start: unsafe-perm in lifecycle true
9 verbose lifecycle kidupstair@1.0.0~start: PATH: C:\Program Files\nodejs\node_modules\npm\bin\node-gyp-bin;C:\Users\home\Documents\GitHub\kidupstair\node_modules\.bin;C:\Users\home\Documents\cmder\bin;C:\Users\home\Documents\cmder\vendor\git-for-windows\cmd;C:\Users\home\Documents\cmder\vendor\conemu-maximus5\ConEmu\Scripts;C:\Users\home\Documents\cmder\vendor\conemu-maximus5;C:\Users\home\Documents\cmder\vendor\conemu-maximus5\ConEmu;C:\ProgramData\Oracle\Java\javapath;C:\Program Files\Common Files\Microsoft Shared\Windows Live;C:\Windows\system32;C:\Windows;C:\Windows\System32\Wbem;C:\Windows\System32\WindowsPowerShell\v1.0\;C:\Program Files (x86)\NVIDIA Corporation\PhysX\Common;C:\Program Files\Microsoft\Web Platform Installer\;C:\WINDOWS\System32\WindowsPowerShell\v1.0\;C:\Program Files (x86)\GtkSharp\2.12\bin;C:\WINDOWS\system32;C:\WINDOWS;C:\WINDOWS\System32\Wbem;C:\WINDOWS\System32\WindowsPowerShell\v1.0\;C:\Program Files\nodejs\;C:\Program Files (x86)\Skype\Phone\;C:\Program Files\Common Files\Microsoft Shared\Windows Live;C:\Users\home\AppData\Local\atom\bin;C:\Users\home\AppData\Local\Microsoft\WindowsApps;C:\Users\home\AppData\Roaming\npm;C:\Users\home\Documents\cmder\vendor\git-for-windows\usr\bin;C:\Users\home\Documents\cmder\vendor\git-for-windows\usr\share\vim\vim74;C:\Users\home\Documents\cmder\
10 verbose lifecycle kidupstair@1.0.0~start: CWD: C:\Users\home\Documents\GitHub\kidupstair
11 silly lifecycle kidupstair@1.0.0~start: Args: [ '/d /s /c',
11 silly lifecycle   'budo src/main.js:bundle.js --live -- -d -e src/main.js -t [babelify --comments false --presets es2015]' ]
12 silly lifecycle kidupstair@1.0.0~start: Returned: code: 1  signal: null
13 info lifecycle kidupstair@1.0.0~start: Failed to exec start script
14 verbose stack Error: kidupstair@1.0.0 start: `budo src/main.js:bundle.js --live -- -d -e src/main.js -t [babelify --comments false --presets es2015]`
14 verbose stack Exit status 1
14 verbose stack     at EventEmitter.<anonymous> (C:\Program Files\nodejs\node_modules\npm\lib\utils\lifecycle.js:279:16)
14 verbose stack     at emitTwo (events.js:106:13)
14 verbose stack     at EventEmitter.emit (events.js:192:7)
14 verbose stack     at ChildProcess.<anonymous> (C:\Program Files\nodejs\node_modules\npm\lib\utils\spawn.js:40:14)
14 verbose stack     at emitTwo (events.js:106:13)
14 verbose stack     at ChildProcess.emit (events.js:192:7)
14 verbose stack     at maybeClose (internal/child_process.js:890:16)
14 verbose stack     at Process.ChildProcess._handle.onexit (internal/child_process.js:226:5)
15 verbose pkgid kidupstair@1.0.0
16 verbose cwd C:\Users\home\Documents\GitHub\kidupstair
17 error Windows_NT 10.0.14393
18 error argv "C:\\Program Files\\nodejs\\node.exe" "C:\\Program Files\\nodejs\\node_modules\\npm\\bin\\npm-cli.js" "start"
19 error node v7.6.0
20 error npm  v4.1.2
21 error code ELIFECYCLE
22 error kidupstair@1.0.0 start: `budo src/main.js:bundle.js --live -- -d -e src/main.js -t [babelify --comments false --presets es2015]`
22 error Exit status 1
23 error Failed at the kidupstair@1.0.0 start script 'budo src/main.js:bundle.js --live -- -d -e src/main.js -t [babelify --comments false --presets es2015]'.
23 error Make sure you have the latest version of node.js and npm installed.
23 error If you do, this is most likely a problem with the kidupstair package,
23 error not with npm itself.
23 error Tell the author that this fails on your system:
23 error     budo src/main.js:bundle.js --live -- -d -e src/main.js -t [babelify --comments false --presets es2015]
23 error You can get information on how to open an issue for this project with:
23 error     npm bugs kidupstair
23 error Or if that isn't available, you can get their info via:
23 error     npm owner ls kidupstair
23 error There is likely additional logging output above.
24 verbose exit [ 1, true ]
